<?xml version="1.0" encoding="UTF-8"?>
<!-- Generated by org.testng.reporters.JUnitReportReporter -->
<testsuite hostname="ATL-ASHARMA3" failures="0" tests="1" name="testNGTests.DockerGrid" time="51.634" errors="0" timestamp="2025-01-22T22:30:56 EST" skipped="0">
  <testcase classname="testNGTests.DockerGrid" name="testone" time="51.634"/>
</testsuite> <!-- testNGTests.DockerGrid -->
